<?xml version="1.0" encoding="UTF-8"?>
<!-- Generated by org.testng.reporters.JUnitReportReporter -->
<testsuite hostname="PRZEMEK-KOMP" failures="0" tests="1" name="com.the.internet.herokuapp.tests.HomePage" time="16.393" errors="0" timestamp="2022-11-15T16:39:24 CET" skipped="0">
  <testcase classname="com.the.internet.herokuapp.tests.HomePage" name="startTheMainWebsite" time="16.393"/>
  <system-out/>
</testsuite> <!-- com.the.internet.herokuapp.tests.HomePage -->
