<?xml version="1.0" encoding="UTF-8"?>
<!-- Generated by org.testng.reporters.JUnitReportReporter -->
<testsuite hostname="PRZEMEK-KOMP" failures="0" tests="1" name="test.RunTheInternetHerokuappWithTestNG" time="7.301" errors="0" timestamp="2022-11-15T15:18:10 CET" skipped="0">
  <testcase classname="test.RunTheInternetHerokuappWithTestNG" name="startTheMainWebsite" time="7.301"/>
  <system-out/>
</testsuite> <!-- test.RunTheInternetHerokuappWithTestNG -->
